<?xml version="1.0" encoding="UTF-8"?>
<testsuite name="MetroTest" tests="1" skipped="0" failures="0" errors="0" timestamp="2024-05-17T17:43:56" hostname="MSI" time="14.273">
  <properties/>
  <testcase name="takeAllTimeInMetro()" classname="MetroTest" time="14.273"/>
  <system-out><![CDATA[0 [Thread-2] INFO MetroBookPage  - Start
0 [Thread-2] INFO MetroBookPage  - Start
0 [Thread-1] INFO MetroBookPage  - Start
0 [Thread-1] INFO MetroBookPage  - Start
]]></system-out>
  <system-err><![CDATA[]]></system-err>
</testsuite>
